0 0
0.02 0.0901223
0.04 0.15706
0.06 0.136224
0.08 0.138673
0.1 0.141956
0.12 0.148163
0.14 0.152397
0.16 0.152548
0.18 0.149569
0.2 0.146834
0.22 0.147396
0.24 0.151885
0.26 0.158257
0.28 0.163303
0.3 0.164939
0.32 0.16354
0.34 0.16119
0.36 0.15972
0.38 0.159352
0.4 0.158919
0.42 0.157269
0.44 0.154575
0.46 0.152426
0.48 0.152665
0.5 0.155983
0.52 0.161317
0.54 0.166359
0.56 0.168919
0.58 0.168238
0.6 0.165314
0.62 0.162108
0.64 0.160351
0.66 0.160784
0.68 0.163029
0.7 0.165913
0.72 0.168019
0.74 0.168312
0.76 0.166645
0.78 0.163887
0.8 0.161514
0.82 0.160813
0.84 0.162122
0.86 0.164583
0.88 0.166626
0.9 0.167009
0.92 0.165703
0.94 0.163857
0.96 0.16279
0.98 0.162806
1 0.162796
1.02 0.161025
1.04 0.156661
1.06 0.15084
1.08 0.146282
1.1 0.145692
1.12 0.150107
1.14 0.158036
1.16 0.16576
1.18 0.168979
1.2 0.165182
1.22 0.155153
1.24 0.142347
1.26 0.130784
1.28 0.123126
1.3 0.119954
1.32 0.12002
1.34 0.121039
1.36 0.120814
1.38 0.118399
1.4 0.114625
1.42 0.111534
1.44 0.111082
1.46 0.113938
1.48 0.118977
1.5 0.12374
1.52 0.125882
1.54 0.124823
1.56 0.122228
1.58 0.120759
1.6 0.122149
1.62 0.125978
1.64 0.129849
1.66 0.131004
1.68 0.128455
1.7 0.123938
1.72 0.120756
1.74 0.121577
1.76 0.126863
1.78 0.134603
1.8 0.141376
1.82 0.144396
1.84 0.1433
1.86 0.140223
1.88 0.138227
1.9 0.139512
1.92 0.144564
1.94 0.152293
1.96 0.160755
1.98 0.16806
2 0.173083
2.02 0.175705
2.04 0.176595
2.06 0.176755
2.08 0.177026
2.1 0.177737
2.12 0.178573
2.14 0.1788
2.16 0.177746
2.18 0.175301
2.2 0.172061
2.22 0.169017
2.24 0.167024
2.26 0.166449
2.28 0.167204
2.3 0.169048
2.32 0.171843
2.34 0.175534
2.36 0.179909
2.38 0.184438
2.4 0.188457
2.42 0.191649
2.44 0.194408
2.46 0.197695
2.48 0.202388
2.5 0.208593
2.52 0.215417
2.54 0.221414
2.56 0.225398
2.58 0.227036
2.6 0.226769
2.62 0.225274
2.64 0.223028
2.66 0.220362
2.68 0.217822
2.7 0.216303
2.72 0.216654
2.74 0.218985
2.76 0.222314
2.78 0.225006
2.8 0.225907
2.82 0.225333
2.84 0.224996
2.86 0.226757
2.88 0.231113
2.9 0.23652
2.92 0.240184
2.94 0.239978
2.96 0.236146
2.98 0.231349
3 0.228963
3.02 0.23095
3.04 0.236743
3.06 0.243663
3.08 0.248585
3.1 0.249892
3.12 0.248324
3.14 0.246159
3.16 0.245442
3.18 0.246622
3.2 0.248325
3.22 0.248231
3.24 0.244453
3.26 0.236616
3.28 0.226033
3.3 0.21501
3.32 0.205824
3.34 0.199919
3.36 0.197555
3.38 0.197861
3.4 0.199239
3.42 0.200045
3.44 0.199303
3.46 0.197089
3.48 0.194268
3.5 0.191792
3.52 0.190039
3.54 0.188706
3.56 0.187282
3.58 0.185745
3.6 0.184833
3.62 0.185577
3.64 0.188365
3.66 0.192251
3.68 0.195167
3.7 0.195178
3.72 0.192055
3.74 0.187827
3.76 0.185699
3.78 0.188037
3.8 0.194766
3.82 0.203118
3.84 0.209085
3.86 0.210073
3.88 0.206901
3.9 0.203337
3.92 0.203473
3.94 0.209044
3.96 0.21832
3.98 0.227101
4 0.231426
4.02 0.230304
4.04 0.226212
4.06 0.222888
4.08 0.222401
4.1 0.223757
4.12 0.223808
4.14 0.219767
4.16 0.21148
4.18 0.201569
4.2 0.193436
4.22 0.188986
4.24 0.187776
4.26 0.187835
4.28 0.187317
4.3 0.185685
4.32 0.183549
4.34 0.181485
4.36 0.179112
4.38 0.175419
4.4 0.17008
4.42 0.164489
4.44 0.161376
4.46 0.163171
4.48 0.17035
4.5 0.180788
4.52 0.190652
4.54 0.196642
4.56 0.198101
4.58 0.197175
4.6 0.196903
4.62 0.199006
4.64 0.203019
4.66 0.207041
4.68 0.209274
4.7 0.209152
4.72 0.207293
4.74 0.20464
4.76 0.201812
4.78 0.199199
4.8 0.197392
4.82 0.197208
4.84 0.199091
4.86 0.202444
4.88 0.205683
4.9 0.207279
4.92 0.207015
4.94 0.20617
4.96 0.206204
4.98 0.207035
5 0.206556
5.02 0.202244
5.04 0.193851
5.06 0.184637
5.08 0.179615
5.1 0.182136
5.12 0.191256
5.14 0.201438
5.16 0.205503
5.18 0.199859
5.2 0.187605
5.22 0.176068
5.24 0.171233
5.26 0.17405
5.28 0.180373
5.3 0.183959
5.32 0.181032
5.34 0.172963
5.36 0.164441
5.38 0.159199
5.4 0.157421
5.42 0.156477
5.44 0.153885
5.46 0.149963
5.48 0.147761
5.5 0.150384
5.52 0.158237
5.54 0.168286
5.56 0.176064
5.58 0.17928
5.6 0.179868
5.62 0.182158
5.64 0.188886
5.66 0.198536
5.68 0.20609
5.7 0.207044
5.72 0.201603
5.74 0.19483
5.76 0.192456
5.78 0.196358
5.8 0.203126
5.82 0.206497
5.84 0.202386
5.86 0.192531
5.88 0.183036
5.9 0.179365
5.92 0.182509
5.94 0.188728
5.96 0.192614
5.98 0.191617
6 0.188379
6.02 0.188505
6.04 0.195975
6.06 0.209879
6.08 0.224328
6.1 0.231924
6.12 0.229084
6.14 0.218699
6.16 0.207522
6.18 0.201179
6.2 0.201166
6.22 0.205089
6.24 0.208959
6.26 0.209897
6.28 0.207556
6.3 0.203473
6.32 0.199371
6.34 0.196077
6.36 0.19365
6.38 0.19209
6.4 0.191682
6.42 0.192647
6.44 0.194582
6.46 0.196392
6.48 0.197005
6.5 0.196329
6.52 0.195599
6.54 0.196696
6.56 0.20092
6.58 0.20807
6.6 0.216347
6.62 0.223141
6.64 0.226242
6.66 0.224813
6.68 0.219585
6.7 0.212393
6.72 0.205454
6.74 0.200757
6.76 0.199596
6.78 0.202213
6.8 0.207656
6.82 0.214023
6.84 0.219216
6.86 0.221916
6.88 0.222153
6.9 0.221009
6.92 0.219737
6.94 0.218971
6.96 0.218587
6.98 0.218154
7 0.217477
7.02 0.216739
7.04 0.21616
7.06 0.2156
7.08 0.214571
7.1 0.212741
7.12 0.21049
7.14 0.208956
7.16 0.209398
7.18 0.212319
7.2 0.216959
7.22 0.221553
7.24 0.224242
7.26 0.224049
7.28 0.221249
7.3 0.216951
7.32 0.212355
7.34 0.208336
7.36 0.205502
7.38 0.204443
7.4 0.205747
7.42 0.209643
7.44 0.215557
7.46 0.221989
7.48 0.227007
7.5 0.229137
7.52 0.228081
7.54 0.224694
7.56 0.22028
7.58 0.215842
7.6 0.21183
7.62 0.208498
7.64 0.206397
7.66 0.206484
7.68 0.209621
7.7 0.215719
7.72 0.22311
7.74 0.228749
7.76 0.229529
7.78 0.224197
7.8 0.214554
7.82 0.204876
7.84 0.199901
7.86 0.202693
7.88 0.213346
7.9 0.228686
7.92 0.243259
7.94 0.251807
7.96 0.25215
7.98 0.246296
8 0.238783
8.02 0.233659
8.04 0.232296
8.06 0.23312
8.08 0.233014
8.1 0.229504
8.12 0.222338
8.14 0.213383
8.16 0.205123
8.18 0.19912
8.2 0.195499
8.22 0.193501
8.24 0.1924
8.26 0.192027
8.28 0.19256
8.3 0.193965
8.32 0.195711
8.34 0.197121
8.36 0.19803
8.38 0.199074
8.4 0.201201
8.42 0.204715
8.44 0.208669
8.46 0.211227
8.48 0.210877
8.5 0.20759
8.52 0.20287
8.54 0.198595
8.56 0.195622
8.58 0.193305
8.6 0.19025
8.62 0.18573
8.64 0.180569
8.66 0.176733
8.68 0.175963
8.7 0.178541
8.72 0.183049
8.74 0.187242
8.76 0.189535
8.78 0.190033
8.8 0.190339
8.82 0.192384
8.84 0.197245
8.86 0.20467
8.88 0.213355
8.9 0.221581
8.92 0.227813
8.94 0.231091
8.96 0.2313
8.98 0.229374
9 0.22722
9.02 0.227076
9.04 0.230408
9.06 0.236895
9.08 0.244211
9.1 0.249074
9.12 0.24923
9.14 0.244993
9.16 0.238984
9.18 0.234252
9.2 0.232324
9.22 0.232651
9.24 0.233617
9.26 0.234239
9.28 0.235091
9.3 0.23762
9.32 0.242439
9.34 0.24808
9.36 0.251435
9.38 0.249857
9.4 0.243343
9.42 0.234806
9.44 0.228103
9.46 0.225523
9.48 0.226647
9.5 0.229118
9.52 0.230626
9.54 0.230658
9.56 0.230697
9.58 0.232855
9.6 0.238298
9.62 0.246682
9.64 0.256755
9.66 0.267324
9.68 0.277567
9.7 0.286497
9.72 0.292435
9.74 0.29362
9.76 0.289875
9.78 0.283742
9.8 0.279473
9.82 0.280183
9.84 0.285126
9.86 0.289226
9.88 0.285939
9.9 0.272276
9.92 0.251882
9.94 0.232934
9.96 0.222689
9.98 0.223301
10 0.231018
10.02 0.238487
10.04 0.239391
10.06 0.232745
10.08 0.223031
10.1 0.216096
10.12 0.214814
10.14 0.217688
10.16 0.220603
10.18 0.220173
10.2 0.21622
10.22 0.211361
10.24 0.208341
10.26 0.207697
10.28 0.207546
10.3 0.205352
10.32 0.200063
10.34 0.192783
10.36 0.185505
10.38 0.17932
10.4 0.173784
10.42 0.167855
10.44 0.161392
10.46 0.155799
10.48 0.153222
10.5 0.155069
10.52 0.16104
10.54 0.169246
10.56 0.177304
10.58 0.183618
10.6 0.187859
10.62 0.190331
10.64 0.191037
10.66 0.189507
10.68 0.185559
10.7 0.180144
10.72 0.175279
10.74 0.173026
10.76 0.174362
10.78 0.178774
10.8 0.184786
10.82 0.190938
10.84 0.196458
10.86 0.201117
10.88 0.204566
10.9 0.205995
10.92 0.204618
10.94 0.200578
10.96 0.195276
10.98 0.190677
11 0.188135
11.02 0.187743
11.04 0.188698
11.06 0.190276
11.08 0.192521
11.1 0.195938
11.12 0.200417
11.14 0.204445
11.16 0.20559
11.18 0.202219
11.2 0.19507
11.22 0.187067
11.24 0.181365
11.26 0.179227
11.28 0.179275
11.3 0.178545
11.32 0.174662
11.34 0.167595
11.36 0.159553
11.38 0.153252
11.4 0.150219
11.42 0.150356
11.44 0.152671
11.46 0.156285
11.48 0.160837
11.5 0.166028
11.52 0.170919
11.54 0.17396
11.56 0.174026
11.58 0.171604
11.6 0.168841
11.62 0.168178
11.64 0.170657
11.66 0.175222
11.68 0.17952
11.7 0.181653
11.72 0.181488
11.74 0.180312
11.76 0.17922
11.78 0.177893
11.8 0.175002
11.82 0.16992
11.84 0.164046
11.86 0.160257
11.88 0.160831
11.9 0.165555
11.92 0.171536
11.94 0.175157
11.96 0.175126
11.98 0.173939
12 0.176098
12.02 0.184566
12.04 0.198129
12.06 0.211411
12.08 0.218162
12.1 0.216065
12.12 0.208707
12.14 0.202567
12.16 0.202053
12.18 0.206687
12.2 0.211835
12.22 0.212249
12.24 0.206168
12.26 0.196571
12.28 0.188542
12.3 0.185528
12.32 0.187605
12.34 0.192309
12.36 0.196902
12.38 0.200312
12.4 0.203265
12.42 0.206669
12.44 0.209946
12.46 0.210961
12.48 0.207681
12.5 0.200109
12.52 0.19061
12.54 0.182315
12.56 0.177099
12.58 0.174735
12.6 0.173539
12.62 0.171798
12.64 0.168885
12.66 0.165298
12.68 0.16182
12.7 0.15876
12.72 0.155941
12.74 0.153295
12.76 0.151355
12.78 0.15105
12.8 0.152934
12.82 0.156465
12.84 0.159979
12.86 0.161523
12.88 0.1601
12.9 0.156406
12.92 0.152476
12.94 0.15055
12.96 0.151991
12.98 0.156786
13 0.163638
13.02 0.170544
13.04 0.175707
13.06 0.178452
13.08 0.179613
13.1 0.181076
13.12 0.184661
13.14 0.190939
13.16 0.198635
13.18 0.205075
13.2 0.207703
13.22 0.205788
13.24 0.200944
13.26 0.195934
13.28 0.192748
13.3 0.191465
13.32 0.190624
13.34 0.188727
13.36 0.185663
13.38 0.182819
13.4 0.181776
13.42 0.18276
13.44 0.184218
13.46 0.184009
13.48 0.181405
13.5 0.178166
13.52 0.177574
13.54 0.182159
13.56 0.191814
13.58 0.203488
13.6 0.212845
13.62 0.217081
13.64 0.216742
13.66 0.214818
13.68 0.214033
13.7 0.214793
13.72 0.215326
13.74 0.21373
13.76 0.21019
13.78 0.207397
13.8 0.208766
13.82 0.215965
13.84 0.227532
13.86 0.239451
13.88 0.247614
13.9 0.250652
13.92 0.25082
13.94 0.252096
13.96 0.257127
13.98 0.265281
14 0.272898
14.02 0.275633
14.04 0.271501
14.06 0.262375
14.08 0.252738
14.1 0.246784
14.12 0.246072
14.14 0.248956
14.16 0.251839
14.18 0.251569
14.2 0.247575
14.22 0.242167
14.24 0.238701
14.26 0.239083
14.28 0.24233
14.3 0.245101
14.32 0.243984
14.34 0.238145
14.36 0.230165
14.38 0.224263
14.4 0.223359
14.42 0.227164
14.44 0.232358
14.46 0.23474
14.48 0.2321
14.5 0.225618
14.52 0.218627
14.54 0.214027
14.56 0.212625
14.58 0.213451
14.6 0.215343
14.62 0.218262
14.64 0.223086
14.66 0.230017
14.68 0.237132
14.7 0.240722
14.72 0.237723
14.74 0.228396
14.76 0.216534
14.78 0.206725
14.8 0.201113
14.82 0.198237
14.84 0.194667
14.86 0.188245
14.88 0.180383
14.9 0.175243
14.92 0.176537
14.94 0.184599
14.96 0.195571
14.98 0.203364
15 0.203727
15.02 0.197331
15.04 0.188803
15.06 0.182779
15.08 0.180808
15.1 0.181221
15.12 0.181387
15.14 0.180324
15.16 0.179481
15.18 0.181044
15.2 0.1855
15.22 0.190704
15.24 0.193426
15.26 0.19229
15.28 0.189434
15.3 0.189044
15.32 0.193994
15.34 0.203279
15.36 0.212014
15.38 0.21443
15.4 0.208197
15.42 0.196382
15.44 0.185115
15.46 0.179447
15.48 0.18094
15.5 0.18785
15.52 0.196866
15.54 0.20514
15.56 0.211421
15.58 0.215722
15.6 0.218275
15.62 0.219054
15.64 0.218189
15.66 0.216461
15.68 0.215017
15.7 0.214409
15.72 0.21399
15.74 0.212492
15.76 0.209519
15.78 0.206585
15.8 0.206495
15.82 0.211324
15.84 0.220488
15.86 0.230373
15.88 0.236232
15.9 0.235467
15.92 0.229623
15.94 0.223124
15.96 0.219887
15.98 0.22076
16 0.22345
16.02 0.224678
16.04 0.222944
16.06 0.219685
16.08 0.217871
16.1 0.219463
16.12 0.223904
16.14 0.228639
16.16 0.231122
16.18 0.230672
16.2 0.228605
16.22 0.226682
16.24 0.225501
16.26 0.224327
16.28 0.222362
16.3 0.220155
16.32 0.2197
16.34 0.222987
16.36 0.230194
16.38 0.238955
16.4 0.24543
16.42 0.246692
16.44 0.242633
16.46 0.235705
16.48 0.228815
16.5 0.223311
16.52 0.218604
16.54 0.213419
16.56 0.207443
16.58 0.201965
16.6 0.199057
16.62 0.200106
16.64 0.204916
16.66 0.21194
16.68 0.21939
16.7 0.22637
16.72 0.233125
16.74 0.240228
16.76 0.247489
16.78 0.25359
16.8 0.256824
16.82 0.256383
16.84 0.253105
16.86 0.249027
16.88 0.246121
16.9 0.245209
16.92 0.245758
16.94 0.246539
16.96 0.246645
16.98 0.246156
17 0.246048
17.02 0.247467
17.04 0.250908
17.06 0.255788
17.08 0.260632
17.1 0.263819
17.12 0.264525
17.14 0.263305
17.16 0.261893
17.18 0.26224
17.2 0.265282
17.22 0.270084
17.24 0.273914
17.26 0.273454
17.28 0.266738
17.3 0.254578
17.32 0.240347
17.34 0.228175
17.36 0.220857
17.38 0.218714
17.4 0.219782
17.42 0.22109
17.44 0.220441
17.46 0.21767
17.48 0.214497
17.5 0.213098
17.52 0.214437
17.54 0.217457
17.56 0.219584
17.58 0.218357
17.6 0.213186
17.62 0.205931
17.64 0.199767
17.66 0.197194
17.68 0.19858
17.7 0.202046
17.72 0.204763
17.74 0.205051
17.76 0.20384
17.78 0.204202
17.8 0.209176
17.82 0.219338
17.84 0.231591
17.86 0.240177
17.88 0.240051
17.9 0.230614
17.92 0.21655
17.94 0.204817
17.96 0.200519
17.98 0.204564
18 0.213699
18.02 0.222443
18.04 0.226276
18.06 0.224314
18.08 0.219376
18.1 0.215571
18.12 0.215627
18.14 0.219808
18.16 0.226515
18.18 0.233701
18.2 0.240055
18.22 0.24524
18.24 0.249336
18.26 0.252272
18.28 0.253849
18.3 0.254161
18.32 0.253755
18.34 0.253157
18.36 0.252156
18.38 0.249672
18.4 0.244628
18.42 0.237302
18.44 0.229925
18.46 0.225759
18.48 0.227177
18.5 0.23398
18.52 0.242997
18.54 0.249445
18.56 0.249674
18.58 0.243492
18.6 0.234109
18.62 0.225727
18.64 0.220855
18.66 0.219195
18.68 0.218432
18.7 0.216181
18.72 0.211782
18.74 0.20672
18.76 0.203503
18.78 0.204027
18.8 0.208595
18.82 0.215943
18.84 0.224002
18.86 0.230843
18.88 0.235281
18.9 0.236939
18.92 0.236017
18.94 0.23314
18.96 0.229342
18.98 0.225943
19 0.224153
19.02 0.224502
19.04 0.226507
19.06 0.228872
19.08 0.230242
19.1 0.230078
19.12 0.229007
19.14 0.2283
19.16 0.228806
19.18 0.230069
19.2 0.230272
19.22 0.227196
19.24 0.219739
19.26 0.208966
19.28 0.197842
19.3 0.189804
19.32 0.187147
19.34 0.190067
19.36 0.196636
19.38 0.203659
19.4 0.208256
19.42 0.209421
19.44 0.208514
19.46 0.208274
19.48 0.21112
19.5 0.217825
19.52 0.227193
19.54 0.236744
19.56 0.244042
19.58 0.24787
19.6 0.248523
19.62 0.247167
19.64 0.244983
19.66 0.242841
19.68 0.2416
19.7 0.242492
19.72 0.246965
19.74 0.255815
19.76 0.268078
19.78 0.280502
19.8 0.288416
19.82 0.287989
19.84 0.278573
19.86 0.263214
19.88 0.246824
19.9 0.233483
19.92 0.224794
19.94 0.219976
19.96 0.21717
19.98 0.214981
20 0.213356
20.02 0.21331
20.04 0.21591
20.06 0.221321
20.08 0.228541
20.1 0.235864
20.12 0.241697
20.14 0.245173
20.16 0.246278
20.18 0.245606
20.2 0.244064
20.22 0.242638
20.24 0.242125
20.26 0.242753
20.28 0.243901
20.3 0.244291
20.32 0.2428
20.34 0.239412
20.36 0.235495
20.38 0.232927
20.4 0.232606
20.42 0.233464
20.44 0.232914
20.46 0.228727
20.48 0.221053
20.5 0.212732
20.52 0.207372
20.54 0.20667
20.56 0.208956
20.58 0.210066
20.6 0.206373
20.62 0.19799
20.64 0.189209
20.66 0.185565
20.68 0.19005
20.7 0.201038
20.72 0.212855
20.74 0.219225
20.76 0.21788
20.78 0.212303
20.8 0.208683
20.82 0.211002
20.84 0.2182
20.86 0.224934
20.88 0.22551
20.9 0.218467
20.92 0.207751
20.94 0.199283
20.96 0.196362
20.98 0.197626
21 0.198522
21.02 0.195192
21.04 0.188003
21.06 0.181588
21.08 0.181361
21.1 0.189678
21.12 0.203967
21.14 0.217555
21.16 0.223374
21.18 0.218697
21.2 0.206918
21.22 0.194791
21.24 0.18809
21.26 0.189213
21.28 0.197246
21.3 0.209181
21.32 0.221361
21.34 0.230683
21.36 0.235284
21.38 0.23473
21.4 0.229908
21.42 0.222657
21.44 0.215091
21.46 0.20885
21.48 0.204706
21.5 0.202783
21.52 0.203135
21.54 0.206071
21.56 0.211755
21.58 0.219258
21.6 0.225961
21.62 0.228324
21.64 0.224088
21.66 0.214359
21.68 0.203432
21.7 0.196201
21.72 0.195172
21.74 0.199082
21.76 0.203752
21.78 0.204867
21.8 0.201053
21.82 0.194692
21.84 0.189653
21.86 0.188076
21.88 0.188853
21.9 0.18873
21.92 0.185148
21.94 0.178623
21.96 0.172483
21.98 0.170271
22 0.173157
22.02 0.179222
22.04 0.18486
22.06 0.187407
22.08 0.186963
22.1 0.185733
22.12 0.185556
22.14 0.185988
22.16 0.184626
22.18 0.179419
22.2 0.171005
22.22 0.162752
22.24 0.158416
22.26 0.159466
22.28 0.163979
22.3 0.167664
22.32 0.166616
22.34 0.16006
22.36 0.150635
22.38 0.14196
22.4 0.13586
22.42 0.131422
22.44 0.126179
22.46 0.118401
22.48 0.108758
22.5 0.0999837
22.52 0.0949746
22.54 0.0950505
22.56 0.0993201
22.58 0.105039
22.6 0.10888
22.62 0.108795
22.64 0.10523
22.66 0.100667
22.68 0.0979588
22.7 0.0988409
22.72 0.103303
22.74 0.109713
22.76 0.115555
22.78 0.118694
22.8 0.118558
22.82 0.116357
22.84 0.114154
22.86 0.113552
22.88 0.114862
22.9 0.117149
22.92 0.118998
22.94 0.119541
22.96 0.119021
22.98 0.118473
23 0.118808
23.02 0.12006
23.04 0.121321
23.06 0.121371
23.08 0.119522
23.1 0.116025
23.12 0.111781
23.14 0.107702
23.16 0.104338
23.18 0.101984
23.2 0.100999
23.22 0.101929
23.24 0.105257
23.26 0.110948
23.28 0.118187
23.3 0.125602
23.32 0.131932
23.34 0.136638
23.36 0.139879
23.38 0.141873
23.4 0.142321
23.42 0.140601
23.44 0.136691
23.46 0.131978
23.48 0.12902
23.5 0.130244
23.52 0.136406
23.54 0.145629
23.56 0.153689
23.58 0.156078
23.6 0.150983
23.62 0.140745
23.64 0.130293
23.66 0.12406
23.68 0.123872
23.7 0.128557
23.72 0.134765
23.74 0.138676
23.76 0.138069
23.78 0.133437
23.8 0.127251
23.82 0.12215
23.84 0.119522
23.86 0.119215
23.88 0.120147
23.9 0.121296
23.92 0.122464
23.94 0.124343
23.96 0.127818
23.98 0.133028
24 0.138819
24.02 0.143111
24.04 0.144158
24.06 0.141972
24.08 0.138686
24.1 0.137442
24.12 0.140634
24.14 0.148577
24.16 0.15916
24.18 0.168719
24.2 0.174033
24.22 0.174258
24.24 0.171242
24.26 0.167994
24.28 0.166688
24.3 0.167659
24.32 0.169697
24.34 0.171123
24.36 0.170834
24.38 0.168643
24.4 0.164884
24.42 0.159865
24.44 0.153741
24.46 0.14679
24.48 0.139645
24.5 0.13309
24.52 0.127584
24.54 0.122996
24.56 0.118863
24.58 0.115031
24.6 0.112113
24.62 0.111268
24.64 0.113387
24.66 0.118224
24.68 0.124098
24.7 0.128573
24.72 0.129929
24.74 0.128368
24.76 0.125817
24.78 0.124453
24.8 0.125192
24.82 0.127187
24.84 0.128544
24.86 0.127752
24.88 0.124807
24.9 0.121092
24.92 0.118229
24.94 0.116921
24.96 0.116639
24.98 0.11621
25 0.114752
25.02 0.112246
25.04 0.109346
25.06 0.106746
25.08 0.104747
25.1 0.103385
25.12 0.102868
25.14 0.103814
25.16 0.106946
25.18 0.112378
25.2 0.118998
25.22 0.124521
25.24 0.126521
25.26 0.123949
25.28 0.117936
25.3 0.111127
25.32 0.106133
25.34 0.10435
25.36 0.105703
25.38 0.109113
25.4 0.113235
25.42 0.117065
25.44 0.120107
25.46 0.12214
25.48 0.122956
25.5 0.122452
25.52 0.121014
25.54 0.119761
25.56 0.120246
25.58 0.123687
25.6 0.130132
25.62 0.138056
25.64 0.144822
25.66 0.148086
25.68 0.147358
25.7 0.144428
25.72 0.142157
25.74 0.142552
25.76 0.145429
25.78 0.148388
25.8 0.148227
25.82 0.143194
25.84 0.134428
25.86 0.125261
25.88 0.118961
25.9 0.116777
25.92 0.117388
25.94 0.117799
25.96 0.115299
25.98 0.109427
26 0.102327
26.02 0.0971534
26.04 0.0959897
26.06 0.0987228
26.08 0.103128
26.1 0.106011
26.12 0.10507
26.14 0.100312
26.16 0.0938183
26.18 0.0881904
26.2 0.0851067
26.22 0.0848951
26.24 0.0869173
26.26 0.0902263
26.28 0.0940895
26.3 0.098142
26.32 0.102166
26.34 0.105759
26.36 0.108212
26.38 0.108755
26.4 0.107036
26.42 0.103508
26.44 0.0994472
26.46 0.0965354
26.48 0.0962172
26.5 0.0990914
26.52 0.104492
26.54 0.110455
26.56 0.114399
26.58 0.114503
26.6 0.110931
26.62 0.105787
26.64 0.101713
26.66 0.100266
26.68 0.101118
26.7 0.102405
26.72 0.102003
26.74 0.0990261
26.76 0.0943573
26.78 0.0897245
26.8 0.0862141
26.82 0.0835164
26.84 0.080407
26.86 0.0760354
26.88 0.07094
26.9 0.0668278
26.92 0.0653161
26.94 0.0667141
26.96 0.0696057
26.98 0.0715103
27 0.0705572
27.02 0.0670505
27.04 0.063361
27.06 0.0622358
27.08 0.0651469
27.1 0.0715959
27.12 0.0792829
27.14 0.0852229
27.16 0.0875446
27.18 0.0865899
27.2 0.084311
27.22 0.0827176
27.24 0.0827937
27.26 0.0843932
27.28 0.0867316
27.3 0.0889369
27.32 0.0903325
27.34 0.0904471
27.36 0.0889956
27.38 0.0860156
27.4 0.0820291
27.42 0.0779518
27.44 0.0746884
27.46 0.0726895
27.48 0.0718015
27.5 0.0715192
27.52 0.0714751
27.54 0.0718155
27.56 0.0731619
27.58 0.0761828
27.6 0.0810839
27.62 0.08734
27.64 0.0938321
27.66 0.0993425
27.68 0.103105
27.7 0.105044
27.72 0.105589
27.74 0.10531
27.76 0.104628
27.78 0.103701
27.8 0.102404
27.82 0.100381
27.84 0.0972213
27.86 0.0928012
27.88 0.0876119
27.9 0.0827864
27.92 0.0796913
27.94 0.0792956
27.96 0.0816558
27.98 0.0857396
28 0.0897416
28.02 0.0919206
28.04 0.0915542
28.06 0.0892849
28.08 0.0865784
28.1 0.0847905
28.12 0.0845391
28.14 0.0856284
28.16 0.087357
28.18 0.0889293
28.2 0.0897599
28.22 0.0895992
28.24 0.088543
28.26 0.08701
28.28 0.0856695
28.3 0.08524
28.32 0.0861563
28.34 0.0882353
28.36 0.0905559
28.38 0.0917498
28.4 0.0907003
28.42 0.0872714
28.44 0.0825071
28.46 0.0781046
28.48 0.0755597
28.5 0.075543
28.52 0.0777293
28.54 0.0810443
28.56 0.0842642
28.58 0.0867742
28.6 0.0890204
28.62 0.0922456
28.64 0.0975821
28.66 0.104972
28.68 0.112502
28.7 0.116831
28.72 0.115032
28.74 0.106854
28.76 0.095325
28.78 0.0849144
28.8 0.0789394
28.82 0.078213
28.84 0.0811433
28.86 0.0846979
28.88 0.0861168
28.9 0.0846781
28.92 0.0819949
28.94 0.0805151
28.96 0.0817051
28.98 0.0852907
29 0.0897601
29.02 0.0936655
29.04 0.0967837
29.06 0.1001
29.08 0.104579
29.1 0.109836
29.12 0.113881
29.14 0.114387
29.16 0.110623
29.18 0.104276
29.2 0.0982893
29.22 0.0948658
29.24 0.0943211
29.26 0.0953238
29.28 0.0960909
29.3 0.0957097
29.32 0.0945944
29.34 0.0937334
29.36 0.0935068
29.38 0.0931809
29.4 0.0915179
29.42 0.0880129
29.44 0.0836474
29.46 0.0804235
29.48 0.0801297
29.5 0.0833468
29.52 0.0891808
29.54 0.0957155
29.56 0.101018
29.58 0.104141
29.6 0.105367
29.62 0.105585
29.64 0.105465
29.66 0.105121
29.68 0.104346
29.7 0.103064
29.72 0.101531
29.74 0.100157
29.76 0.0991337
29.78 0.098201
29.8 0.0967626
29.82 0.0943105
29.84 0.0909101
29.86 0.0873962
29.88 0.0850837
29.9 0.0851055
29.92 0.0876771
29.94 0.0915901
29.96 0.0943328
29.98 0.0932546
30 0.0874242
30.02 0.0786599
30.04 0.0705377
30.06 0.0662214
30.08 0.0669298
30.1 0.0715822
30.12 0.0772811
30.14 0.0808497
30.16 0.0810537
30.18 0.0795503
30.2 0.0794318
30.22 0.0827937
30.24 0.0891888
30.26 0.0956362
30.28 0.098386
30.3 0.0956858
30.32 0.0891654
30.34 0.0824106
30.36 0.0783629
30.38 0.0779283
30.4 0.0802396
30.42 0.0837436
30.44 0.0873057
30.46 0.0906604
30.48 0.0939729
30.5 0.0971052
30.52 0.0994391
30.54 0.100465
30.56 0.100477
30.58 0.100516
30.6 0.101496
30.62 0.103281
30.64 0.104625
30.66 0.104196
30.68 0.101941
30.7 0.0995124
30.72 0.0992444
30.74 0.102549
30.76 0.108897
30.78 0.115927
30.8 0.120765
30.82 0.121838
30.84 0.119736
30.86 0.116382
30.88 0.113475
30.9 0.111638
30.92 0.11067
30.94 0.110289
30.96 0.110541
30.98 0.111526
31 0.112845
31.02 0.113498
31.04 0.112542
31.06 0.110021
31.08 0.10719
31.1 0.105676
31.12 0.106217
31.14 0.107988
31.16 0.109052
31.18 0.10777
31.2 0.104147
31.22 0.099891
31.24 0.0971342
31.26 0.0969694
31.28 0.0988689
31.3 0.101148
31.32 0.102092
31.34 0.100991
31.36 0.0983536
31.38 0.095238
31.4 0.0924377
31.42 0.0901345
31.44 0.0880295
31.46 0.0856104
31.48 0.0823349
31.5 0.0778104
31.52 0.0721141
31.54 0.0661116
31.56 0.0613772
31.58 0.0595856
31.6 0.0617111
31.62 0.0673805
31.64 0.0746071
31.66 0.0804403
31.68 0.0827254
31.7 0.0816614
31.72 0.0794642
31.74 0.0784162
31.76 0.0791463
31.78 0.0803498
31.8 0.0799674
31.82 0.0769989
31.84 0.072434
31.86 0.0684057
31.88 0.0665073
31.9 0.0668194
31.92 0.0681578
31.94 0.0691477
31.96 0.0693057
31.98 0.0692085
32 0.0696273
32.02 0.0705603
32.04 0.0711556
32.06 0.0706616
32.08 0.069535
32.1 0.0695258
32.12 0.0725422
32.14 0.0792025
32.16 0.0879997
32.18 0.0957667
32.2 0.0996973
32.22 0.0995283
32.24 0.097638
32.26 0.0969174
32.28 0.0985433
32.3 0.101342
32.32 0.102922
32.34 0.101734
32.36 0.0984236
32.38 0.0952481
32.4 0.094255
32.42 0.0959408
32.44 0.0992242
32.46 0.102473
32.48 0.104761
32.5 0.106351
32.52 0.108043
32.54 0.110107
32.56 0.111845
32.58 0.112136
32.6 0.110437
32.62 0.107277
32.64 0.103801
32.66 0.100882
32.68 0.0986443
32.7 0.0967262
32.72 0.0949017
32.74 0.0934203
32.76 0.0927521
32.78 0.0930212
32.8 0.0937088
32.82 0.0939694
32.84 0.0933692
32.86 0.0924189
32.88 0.0924012
32.9 0.0946376
32.92 0.0997701
32.94 0.10746
32.96 0.11654
32.98 0.125456
33 0.132745
33.02 0.137389
33.04 0.139064
33.06 0.138355
33.08 0.136747
33.1 0.136111
33.12 0.137755
33.14 0.141539
33.16 0.145667
33.18 0.147618
33.2 0.145882
33.22 0.141202
33.24 0.136079
33.26 0.132855
33.28 0.131985
33.3 0.131718
33.32 0.129433
33.34 0.123791
33.36 0.116018
33.38 0.109092
33.4 0.105662
33.42 0.106489
33.44 0.110261
33.46 0.114589
33.48 0.117602
33.5 0.119106
33.52 0.120352
33.54 0.122711
33.56 0.126483
33.58 0.130708
33.6 0.133958
33.62 0.135419
33.64 0.135371
33.66 0.134774
33.68 0.134467
33.7 0.134709
33.72 0.135297
33.74 0.135949
33.76 0.136545
33.78 0.13708
33.8 0.137529
33.82 0.137864
33.84 0.138214
33.86 0.138903
33.88 0.1402
33.9 0.14196
33.92 0.143536
33.94 0.144164
33.96 0.143572
33.98 0.142227
34 0.140897
34.02 0.139899
34.04 0.13878
34.06 0.136836
34.08 0.134092
34.1 0.131773
34.12 0.131618
34.14 0.134454
34.16 0.139108
34.18 0.142682
34.2 0.142469
34.22 0.138323
34.24 0.133216
34.26 0.131206
34.28 0.134562
34.3 0.142038
34.32 0.149224
34.34 0.151239
34.36 0.146425
34.38 0.13777
34.4 0.130514
34.42 0.128437
34.44 0.131894
34.46 0.138147
34.48 0.1433
34.5 0.144802
34.52 0.142746
34.54 0.138955
34.56 0.13503
34.58 0.131338
34.6 0.127546
34.62 0.12375
34.64 0.120874
34.66 0.119892
34.68 0.120644
34.7 0.121439
34.72 0.120086
34.74 0.115789
34.76 0.11023
34.78 0.106638
34.8 0.107644
34.82 0.113573
34.84 0.121989
34.86 0.128777
34.88 0.130599
34.9 0.127127
34.92 0.120998
34.94 0.115653
34.96 0.113215
34.98 0.113874
35 0.116542
35.02 0.119947
35.04 0.123379
35.06 0.126706
35.08 0.129869
35.1 0.13246
35.12 0.133815
35.14 0.133474
35.16 0.131549
35.18 0.128686
35.2 0.125747
35.22 0.123567
35.24 0.122931
35.26 0.124592
35.28 0.129108
35.3 0.136462
35.32 0.145735
35.34 0.155203
35.36 0.163014
35.38 0.168069
35.4 0.170385
35.42 0.170595
35.44 0.169073
35.46 0.165562
35.48 0.159655
35.5 0.151676
35.52 0.143044
35.54 0.135681
35.56 0.130951
35.58 0.128974
35.6 0.128778
35.62 0.129114
35.64 0.129333
35.66 0.129614
35.68 0.130342
35.7 0.131211
35.72 0.130945
35.74 0.128069
35.76 0.122252
35.78 0.115007
35.8 0.108971
35.82 0.106331
35.84 0.107586
35.86 0.111275
35.88 0.114744
35.9 0.11572
35.92 0.113794
35.94 0.110606
35.96 0.108611
35.98 0.109562
36 0.113737
36.02 0.120084
36.04 0.126962
36.06 0.133023
36.08 0.137703
36.1 0.141069
36.12 0.143339
36.14 0.144584
36.16 0.14484
36.18 0.144385
36.2 0.143787
36.22 0.143603
36.24 0.143971
36.26 0.144521
36.28 0.144745
36.3 0.144615
36.32 0.144913
36.34 0.146916
36.36 0.151552
36.38 0.158536
36.4 0.166049
36.42 0.171328
36.44 0.172082
36.46 0.167866
36.48 0.160372
36.5 0.152414
36.52 0.146458
36.54 0.143714
36.56 0.144059
36.58 0.146469
36.6 0.149565
36.62 0.152056
36.64 0.153074
36.66 0.152481
36.68 0.151117
36.7 0.150745
36.72 0.153442
36.74 0.160551
36.76 0.171585
36.78 0.183752
36.8 0.192884
36.82 0.195898
36.84 0.193188
36.86 0.188727
36.88 0.187545
36.9 0.192572
36.92 0.202858
36.94 0.213938
36.96 0.220492
36.98 0.220046
37 0.214811
37.02 0.209872
37.04 0.209486
37.06 0.214505
37.08 0.222271
37.1 0.228685
37.12 0.231106
37.14 0.229948
37.16 0.227711
37.18 0.226528
37.2 0.226509
37.22 0.226089
37.24 0.223841
37.26 0.220087
37.28 0.216859
37.3 0.216303
37.32 0.218984
37.34 0.223441
37.36 0.227279
37.38 0.228937
37.4 0.228688
37.42 0.227999
37.44 0.227905
37.46 0.22789
37.48 0.226246
37.5 0.221595
37.52 0.214298
37.54 0.206484
37.56 0.200703
37.58 0.198358
37.6 0.199016
37.62 0.200836
37.64 0.201673
37.66 0.200144
37.68 0.196072
37.7 0.190239
37.72 0.183878
37.74 0.178293
37.76 0.174608
37.78 0.173485
37.8 0.174787
37.82 0.177454
37.84 0.179901
37.86 0.180885
37.88 0.180288
37.9 0.179108
37.92 0.178564
37.94 0.179012
37.96 0.179576
37.98 0.178837
38 0.176102
38.02 0.172139
38.04 0.168637
38.06 0.166782
38.08 0.166106
38.1 0.164597
38.12 0.160146
38.14 0.152391
38.16 0.143398
38.18 0.136492
38.2 0.134247
38.22 0.137096
38.24 0.143111
38.26 0.148946
38.28 0.151633
38.3 0.150279
38.32 0.14635
38.34 0.142356
38.36 0.14011
38.38 0.139743
38.4 0.139864
38.42 0.138602
38.44 0.134967
38.46 0.129706
38.48 0.125031
38.5 0.123424
38.52 0.12631
38.54 0.133221
38.56 0.141735
38.58 0.148521
38.6 0.151342
38.62 0.150733
38.64 0.149791
38.66 0.152113
38.68 0.159434
38.7 0.170318
38.72 0.180605
38.74 0.185804
38.76 0.184249
38.78 0.178422
38.8 0.173146
38.82 0.172397
38.84 0.177231
38.86 0.185684
38.88 0.194278
38.9 0.200256
38.92 0.203106
38.94 0.204241
38.96 0.205346
38.98 0.206949
39 0.208299
39.02 0.208344
39.04 0.206804
39.06 0.20441
39.08 0.202202
39.1 0.200643
39.12 0.199334
39.14 0.197492
39.16 0.194694
39.18 0.191252
39.2 0.187966
39.22 0.185596
39.24 0.184512
39.26 0.184699
39.28 0.185922
39.3 0.187766
39.32 0.189557
39.34 0.190405
39.36 0.189619
39.38 0.187301
39.4 0.184597
39.42 0.183204
39.44 0.184327
39.46 0.187757
39.48 0.191675
39.5 0.193452
39.52 0.191092
39.54 0.1844
39.56 0.175043
39.58 0.165555
39.6 0.15815
39.62 0.154078
39.64 0.153557
39.66 0.155906
39.68 0.15969
39.7 0.162966
39.72 0.163905
39.74 0.161677
39.76 0.157042
39.78 0.152019
39.8 0.148761
39.82 0.148424
39.84 0.150754
39.86 0.15457
39.88 0.158722
39.9 0.162789
39.92 0.166915
39.94 0.171013
39.96 0.174282
39.98 0.17576
40 0.069481
